<?xml version="1.0" encoding="UTF-8"?>
<testsuite xmlns:xsi="http://www.w3.org/2001/XMLSchema-instance" xsi:noNamespaceSchemaLocation="https://maven.apache.org/surefire/maven-surefire-plugin/xsd/surefire-test-report.xsd" name="TestHelloServlet" time="0.13" tests="1" errors="1" skipped="0" failures="0">
  <properties>
[...]
</properties>
  <testcase name="dont_greet_if_name_is_null" classname="TestHelloServlet" time="0.084">
    <error type="java.lang.NullPointerException">java.lang.NullPointerException
	at TestHelloServlet.dont_greet_if_name_is_null(TestHelloServlet.java:19)
</error>
  </testcase>
</testsuite>